<?xml version="1.0" encoding="UTF-8"?>
<testng-results ignored="0" total="1" passed="1" failed="0" skipped="0">
  <reporter-output>
  </reporter-output>
  <suite started-at="2025-01-18T16:35:38Z" name="Default suite" finished-at="2025-01-18T16:35:44Z" duration-ms="5691">
    <groups>
    </groups>
    <test started-at="2025-01-18T16:35:38Z" name="Default test" finished-at="2025-01-18T16:35:44Z" duration-ms="5691">
      <class name="selenium.De">
        <test-method signature="f()[pri:0, instance:selenium.De@4b8ee4de]" started-at="2025-01-18T10:35:38Z" name="f" finished-at="2025-01-18T10:35:44Z" duration-ms="5677" status="PASS">
          <reporter-output>
          </reporter-output>
        </test-method> <!-- f -->
      </class> <!-- selenium.De -->
    </test> <!-- Default test -->
  </suite> <!-- Default suite -->
</testng-results>
